{
"contracts/AuxidienOracle.sol":{"l":{"101":3,"103":2,"104":2,"106":2,"107":2,"111":2,"117":2,"130":3,"134":1,"140":1,"152":2,"160":3,"161":2,"169":1,"177":1,"178":1,"179":1,"187":3,"188":1,"189":1,"190":1,"198":18,"201":17,"202":8,"209":15,"210":6,"213":6,"214":6,"217":13,"218":13,"220":13,"238":5,"241":4,"242":2,"249":3,"250":1,"253":1,"254":1,"257":2,"258":2,"260":2,"267":2,"268":2,"282":5,"296":1,"312":1,"326":3,"327":2},"path":"/Users/bs/Desktop/auxidien-project/contracts/AuxidienOracle.sol","s":{"1":3,"2":2,"3":2,"4":2,"5":3,"6":1,"7":2,"8":3,"9":2,"10":1,"11":1,"12":1,"13":3,"14":1,"15":1,"16":18,"17":17,"18":8,"19":15,"20":6,"21":6,"22":6,"23":13,"24":5,"25":4,"26":2,"27":3,"28":1,"29":1,"30":1,"31":2,"32":2,"33":5,"34":1,"35":1,"36":3,"37":1,"38":2},"b":{"1":[2,1],"2":[3,1],"3":[1,2],"4":[3,1],"5":[2,1],"6":[1,0],"7":[1,1],"8":[3,0],"9":[1,2],"10":[18,1],"11":[17,1],"12":[8,9],"13":[6,2],"14":[6,9],"15":[4,2],"16":[4,2],"17":[5,1],"18":[4,1],"19":[2,2],"20":[1,1],"21":[1,2],"22":[1,0],"23":[0,1],"24":[1,2]},"f":{"1":3,"2":3,"3":2,"4":3,"5":1,"6":1,"7":3,"8":18,"9":5,"10":5,"11":1,"12":1,"13":3},"fnMap":{"1":{"name":"constructor","line":100,"loc":{"start":{"line":100,"column":4},"end":{"line":118,"column":4}}},"2":{"name":"setWeights","line":129,"loc":{"start":{"line":124,"column":4},"end":{"line":141,"column":4}}},"3":{"name":"getWeights","line":146,"loc":{"start":{"line":146,"column":4},"end":{"line":153,"column":4}}},"4":{"name":"grantOracleRole","line":159,"loc":{"start":{"line":159,"column":4},"end":{"line":162,"column":4}}},"5":{"name":"revokeOracleRole","line":168,"loc":{"start":{"line":168,"column":4},"end":{"line":170,"column":4}}},"6":{"name":"setMinUpdateInterval","line":176,"loc":{"start":{"line":176,"column":4},"end":{"line":180,"column":4}}},"7":{"name":"setMaxPriceChangeRate","line":186,"loc":{"start":{"line":186,"column":4},"end":{"line":191,"column":4}}},"8":{"name":"setPricePerOzE6","line":197,"loc":{"start":{"line":197,"column":4},"end":{"line":221,"column":4}}},"9":{"name":"setPriceWithMetals","line":237,"loc":{"start":{"line":231,"column":4},"end":{"line":275,"column":4}}},"10":{"name":"getPricePerOzE6","line":281,"loc":{"start":{"line":281,"column":4},"end":{"line":283,"column":4}}},"11":{"name":"getPriceData","line":291,"loc":{"start":{"line":291,"column":4},"end":{"line":297,"column":4}}},"12":{"name":"getMetalPrices","line":306,"loc":{"start":{"line":306,"column":4},"end":{"line":318,"column":4}}},"13":{"name":"isStale","line":325,"loc":{"start":{"line":325,"column":4},"end":{"line":328,"column":4}}}},"statementMap":{"1":{"start":{"line":101,"column":8},"end":{"line":101,"column":68}},"2":{"start":{"line":103,"column":8},"end":{"line":103,"column":44}},"3":{"start":{"line":104,"column":8},"end":{"line":104,"column":36}},"4":{"start":{"line":117,"column":8},"end":{"line":117,"column":50}},"5":{"start":{"line":130,"column":8},"end":{"line":130,"column":4489}},"6":{"start":{"line":140,"column":8},"end":{"line":140,"column":74}},"7":{"start":{"line":152,"column":8},"end":{"line":152,"column":94}},"8":{"start":{"line":160,"column":8},"end":{"line":160,"column":60}},"9":{"start":{"line":161,"column":8},"end":{"line":161,"column":38}},"10":{"start":{"line":169,"column":8},"end":{"line":169,"column":39}},"11":{"start":{"line":177,"column":8},"end":{"line":177,"column":39}},"12":{"start":{"line":179,"column":8},"end":{"line":179,"column":52}},"13":{"start":{"line":187,"column":8},"end":{"line":187,"column":65}},"14":{"start":{"line":188,"column":8},"end":{"line":188,"column":40}},"15":{"start":{"line":190,"column":8},"end":{"line":190,"column":49}},"16":{"start":{"line":198,"column":8},"end":{"line":198,"column":64}},"17":{"start":{"line":201,"column":8},"end":{"line":201,"column":6993}},"18":{"start":{"line":202,"column":12},"end":{"line":202,"column":7059}},"19":{"start":{"line":209,"column":8},"end":{"line":209,"column":7277}},"20":{"start":{"line":210,"column":12},"end":{"line":210,"column":7355}},"21":{"start":{"line":213,"column":12},"end":{"line":213,"column":76}},"22":{"start":{"line":214,"column":12},"end":{"line":214,"column":76}},"23":{"start":{"line":220,"column":8},"end":{"line":220,"column":71}},"24":{"start":{"line":238,"column":8},"end":{"line":238,"column":64}},"25":{"start":{"line":241,"column":8},"end":{"line":241,"column":8492}},"26":{"start":{"line":242,"column":12},"end":{"line":242,"column":8558}},"27":{"start":{"line":249,"column":8},"end":{"line":249,"column":8749}},"28":{"start":{"line":250,"column":12},"end":{"line":250,"column":8827}},"29":{"start":{"line":253,"column":12},"end":{"line":253,"column":76}},"30":{"start":{"line":254,"column":12},"end":{"line":254,"column":76}},"31":{"start":{"line":267,"column":8},"end":{"line":267,"column":71}},"32":{"start":{"line":268,"column":8},"end":{"line":268,"column":9483}},"33":{"start":{"line":282,"column":8},"end":{"line":282,"column":28}},"34":{"start":{"line":296,"column":8},"end":{"line":296,"column":47}},"35":{"start":{"line":312,"column":8},"end":{"line":312,"column":10613}},"36":{"start":{"line":326,"column":8},"end":{"line":326,"column":42}},"37":{"start":{"line":326,"column":31},"end":{"line":326,"column":42}},"38":{"start":{"line":327,"column":8},"end":{"line":327,"column":54}}},"branchMap":{"1":{"line":101,"type":"if","locations":[{"start":{"line":101,"column":8},"end":{"line":101,"column":8}},{"start":{"line":101,"column":8},"end":{"line":101,"column":8}}]},"2":{"line":129,"type":"if","locations":[{"start":{"line":129,"column":15},"end":{"line":129,"column":15}},{"start":{"line":129,"column":15},"end":{"line":129,"column":15}}]},"3":{"line":130,"type":"if","locations":[{"start":{"line":130,"column":8},"end":{"line":130,"column":8}},{"start":{"line":130,"column":8},"end":{"line":130,"column":8}}]},"4":{"line":159,"type":"if","locations":[{"start":{"line":159,"column":54},"end":{"line":159,"column":54}},{"start":{"line":159,"column":54},"end":{"line":159,"column":54}}]},"5":{"line":160,"type":"if","locations":[{"start":{"line":160,"column":8},"end":{"line":160,"column":8}},{"start":{"line":160,"column":8},"end":{"line":160,"column":8}}]},"6":{"line":168,"type":"if","locations":[{"start":{"line":168,"column":55},"end":{"line":168,"column":55}},{"start":{"line":168,"column":55},"end":{"line":168,"column":55}}]},"7":{"line":176,"type":"if","locations":[{"start":{"line":176,"column":61},"end":{"line":176,"column":61}},{"start":{"line":176,"column":61},"end":{"line":176,"column":61}}]},"8":{"line":186,"type":"if","locations":[{"start":{"line":186,"column":58},"end":{"line":186,"column":58}},{"start":{"line":186,"column":58},"end":{"line":186,"column":58}}]},"9":{"line":187,"type":"if","locations":[{"start":{"line":187,"column":8},"end":{"line":187,"column":8}},{"start":{"line":187,"column":8},"end":{"line":187,"column":8}}]},"10":{"line":197,"type":"if","locations":[{"start":{"line":197,"column":63},"end":{"line":197,"column":63}},{"start":{"line":197,"column":63},"end":{"line":197,"column":63}}]},"11":{"line":198,"type":"if","locations":[{"start":{"line":198,"column":8},"end":{"line":198,"column":8}},{"start":{"line":198,"column":8},"end":{"line":198,"column":8}}]},"12":{"line":201,"type":"if","locations":[{"start":{"line":201,"column":8},"end":{"line":201,"column":8}},{"start":{"line":201,"column":8},"end":{"line":201,"column":8}}]},"13":{"line":202,"type":"if","locations":[{"start":{"line":202,"column":12},"end":{"line":202,"column":12}},{"start":{"line":202,"column":12},"end":{"line":202,"column":12}}]},"14":{"line":209,"type":"if","locations":[{"start":{"line":209,"column":8},"end":{"line":209,"column":8}},{"start":{"line":209,"column":8},"end":{"line":209,"column":8}}]},"15":{"line":211,"type":"if","locations":[{"start":{"line":211,"column":18},"end":{"line":211,"column":48}},{"start":{"line":212,"column":18},"end":{"line":212,"column":48}}]},"16":{"line":214,"type":"if","locations":[{"start":{"line":214,"column":12},"end":{"line":214,"column":12}},{"start":{"line":214,"column":12},"end":{"line":214,"column":12}}]},"17":{"line":237,"type":"if","locations":[{"start":{"line":237,"column":15},"end":{"line":237,"column":15}},{"start":{"line":237,"column":15},"end":{"line":237,"column":15}}]},"18":{"line":238,"type":"if","locations":[{"start":{"line":238,"column":8},"end":{"line":238,"column":8}},{"start":{"line":238,"column":8},"end":{"line":238,"column":8}}]},"19":{"line":241,"type":"if","locations":[{"start":{"line":241,"column":8},"end":{"line":241,"column":8}},{"start":{"line":241,"column":8},"end":{"line":241,"column":8}}]},"20":{"line":242,"type":"if","locations":[{"start":{"line":242,"column":12},"end":{"line":242,"column":12}},{"start":{"line":242,"column":12},"end":{"line":242,"column":12}}]},"21":{"line":249,"type":"if","locations":[{"start":{"line":249,"column":8},"end":{"line":249,"column":8}},{"start":{"line":249,"column":8},"end":{"line":249,"column":8}}]},"22":{"line":251,"type":"if","locations":[{"start":{"line":251,"column":18},"end":{"line":251,"column":48}},{"start":{"line":252,"column":18},"end":{"line":252,"column":48}}]},"23":{"line":254,"type":"if","locations":[{"start":{"line":254,"column":12},"end":{"line":254,"column":12}},{"start":{"line":254,"column":12},"end":{"line":254,"column":12}}]},"24":{"line":326,"type":"if","locations":[{"start":{"line":326,"column":8},"end":{"line":326,"column":8}},{"start":{"line":326,"column":8},"end":{"line":326,"column":8}}]}}},
"contracts/AuxiToken.sol":{"l":{"40":3,"41":3,"55":3,"56":2,"58":1,"59":1,"73":5,"79":3,"80":7,"81":6,"83":5,"84":5},"path":"/Users/bs/Desktop/auxidien-project/contracts/AuxiToken.sol","s":{"1":3,"2":3,"3":3,"4":2,"5":1,"6":1,"7":5,"8":3,"9":7,"10":6,"11":5,"12":5},"b":{"1":[3,0],"2":[3,1],"3":[2,1],"4":[1,1],"5":[5,1],"6":[3,2],"7":[6,1],"8":[5,1]},"f":{"1":3,"2":3,"3":5},"fnMap":{"1":{"name":"constructor","line":38,"loc":{"start":{"line":36,"column":4},"end":{"line":42,"column":4}}},"2":{"name":"distributeTokens","line":54,"loc":{"start":{"line":50,"column":4},"end":{"line":60,"column":4}}},"3":{"name":"batchDistribute","line":72,"loc":{"start":{"line":68,"column":4},"end":{"line":86,"column":4}}}},"statementMap":{"1":{"start":{"line":40,"column":8},"end":{"line":40,"column":64}},"2":{"start":{"line":41,"column":8},"end":{"line":41,"column":42}},"3":{"start":{"line":55,"column":8},"end":{"line":55,"column":61}},"4":{"start":{"line":56,"column":8},"end":{"line":56,"column":47}},"5":{"start":{"line":58,"column":8},"end":{"line":58,"column":47}},"6":{"start":{"line":59,"column":8},"end":{"line":59,"column":59}},"7":{"start":{"line":73,"column":8},"end":{"line":73,"column":2548}},"8":{"start":{"line":79,"column":8},"end":{"line":79,"column":2720}},"9":{"start":{"line":80,"column":12},"end":{"line":80,"column":69}},"10":{"start":{"line":81,"column":12},"end":{"line":81,"column":55}},"11":{"start":{"line":83,"column":12},"end":{"line":83,"column":59}},"12":{"start":{"line":84,"column":12},"end":{"line":84,"column":76}}},"branchMap":{"1":{"line":40,"type":"if","locations":[{"start":{"line":40,"column":8},"end":{"line":40,"column":8}},{"start":{"line":40,"column":8},"end":{"line":40,"column":8}}]},"2":{"line":54,"type":"if","locations":[{"start":{"line":54,"column":15},"end":{"line":54,"column":15}},{"start":{"line":54,"column":15},"end":{"line":54,"column":15}}]},"3":{"line":55,"type":"if","locations":[{"start":{"line":55,"column":8},"end":{"line":55,"column":8}},{"start":{"line":55,"column":8},"end":{"line":55,"column":8}}]},"4":{"line":56,"type":"if","locations":[{"start":{"line":56,"column":8},"end":{"line":56,"column":8}},{"start":{"line":56,"column":8},"end":{"line":56,"column":8}}]},"5":{"line":72,"type":"if","locations":[{"start":{"line":72,"column":15},"end":{"line":72,"column":15}},{"start":{"line":72,"column":15},"end":{"line":72,"column":15}}]},"6":{"line":73,"type":"if","locations":[{"start":{"line":73,"column":8},"end":{"line":73,"column":8}},{"start":{"line":73,"column":8},"end":{"line":73,"column":8}}]},"7":{"line":80,"type":"if","locations":[{"start":{"line":80,"column":12},"end":{"line":80,"column":12}},{"start":{"line":80,"column":12},"end":{"line":80,"column":12}}]},"8":{"line":81,"type":"if","locations":[{"start":{"line":81,"column":12},"end":{"line":81,"column":12}},{"start":{"line":81,"column":12},"end":{"line":81,"column":12}}]}}},
"contracts/AuxiVesting.sol":{"l":{"93":2,"94":2,"95":1,"96":1,"98":1,"105":1,"106":1,"107":1,"109":1,"110":3,"111":3,"113":3,"115":3,"126":3,"127":3,"129":3,"145":1,"153":2,"162":19,"163":19,"165":19,"166":2,"169":17,"171":17,"173":9,"176":5,"181":3,"182":3,"183":3,"192":9,"193":9,"194":9,"202":4,"203":4,"205":4,"206":4,"211":3,"212":3,"214":2,"215":2,"217":2,"225":2,"226":2,"228":2,"229":2,"230":2,"232":2,"234":2,"235":2,"236":1,"237":1,"238":1,"249":4,"250":4,"252":4,"253":3,"256":2,"257":2,"259":2,"260":2,"261":2,"262":2,"266":2,"267":2,"269":2,"270":2,"271":2,"274":2,"286":4,"287":4,"289":3,"290":3,"294":2,"296":2,"297":2,"300":2,"301":2,"302":2,"303":2,"304":2,"305":2,"308":2,"310":2,"317":1,"324":0,"331":1,"350":4,"351":4,"353":4},"path":"/Users/bs/Desktop/auxidien-project/contracts/AuxiVesting.sol","s":{"1":2,"2":2,"3":1,"4":1,"5":1,"6":1,"7":1,"8":1,"9":3,"10":3,"11":3,"12":3,"13":3,"14":3,"15":1,"16":2,"17":19,"18":19,"19":19,"20":2,"21":17,"22":17,"23":9,"24":8,"25":5,"26":3,"27":3,"28":3,"29":9,"30":9,"31":9,"32":4,"33":4,"34":4,"35":4,"36":3,"37":3,"38":2,"39":2,"40":2,"41":2,"42":2,"43":2,"44":2,"45":2,"46":2,"47":2,"48":1,"49":1,"50":4,"51":4,"52":4,"53":3,"54":2,"55":2,"56":2,"57":2,"58":2,"59":2,"60":2,"61":2,"62":2,"63":4,"64":4,"65":3,"66":3,"67":2,"68":2,"69":2,"70":2,"71":2,"72":2,"73":2,"74":2,"75":1,"76":0,"77":1,"78":4,"79":4,"80":4},"b":{"1":[2,0],"2":[1,1],"3":[1,0],"4":[1,0],"5":[3,0],"6":[3,0],"7":[19,0],"8":[2,17],"9":[9,8],"10":[5,3],"11":[3,6],"12":[4,0],"13":[4,0],"14":[4,0],"15":[3,1],"16":[2,1],"17":[2,1],"18":[2,0],"19":[2,0],"20":[0,2],"21":[1,1],"22":[4,1],"23":[4,0],"24":[4,0],"25":[3,1],"26":[2,1],"27":[2,0],"28":[2,0],"29":[4,0],"30":[3,1],"31":[2,1],"32":[1,1],"33":[2,0],"34":[2,0],"35":[4,0]},"f":{"1":2,"2":1,"3":2,"4":19,"5":9,"6":4,"7":2,"8":4,"9":4,"10":1,"11":0,"12":1,"13":4},"fnMap":{"1":{"name":"constructor","line":92,"loc":{"start":{"line":86,"column":4},"end":{"line":139,"column":4}}},"2":{"name":"getSchedulesCount","line":144,"loc":{"start":{"line":144,"column":4},"end":{"line":146,"column":4}}},"3":{"name":"getScheduleIds","line":152,"loc":{"start":{"line":152,"column":4},"end":{"line":154,"column":4}}},"4":{"name":"vestedAmount","line":161,"loc":{"start":{"line":161,"column":4},"end":{"line":185,"column":4}}},"5":{"name":"releasableAmount","line":191,"loc":{"start":{"line":191,"column":4},"end":{"line":195,"column":4}}},"6":{"name":"release","line":201,"loc":{"start":{"line":201,"column":4},"end":{"line":218,"column":4}}},"7":{"name":"releaseAll","line":224,"loc":{"start":{"line":224,"column":4},"end":{"line":241,"column":4}}},"8":{"name":"revoke","line":248,"loc":{"start":{"line":248,"column":4},"end":{"line":275,"column":4}}},"9":{"name":"changeBeneficiary","line":282,"loc":{"start":{"line":282,"column":4},"end":{"line":311,"column":4}}},"10":{"name":"totalRequiredTokens","line":316,"loc":{"start":{"line":316,"column":4},"end":{"line":318,"column":4}}},"11":{"name":"contractBalance","line":323,"loc":{"start":{"line":323,"column":4},"end":{"line":325,"column":4}}},"12":{"name":"isFunded","line":330,"loc":{"start":{"line":330,"column":4},"end":{"line":332,"column":4}}},"13":{"name":"getVestingInfo","line":338,"loc":{"start":{"line":338,"column":4},"end":{"line":365,"column":4}}}},"statementMap":{"1":{"start":{"line":93,"column":8},"end":{"line":93,"column":70}},"2":{"start":{"line":94,"column":8},"end":{"line":94,"column":82}},"3":{"start":{"line":95,"column":8},"end":{"line":95,"column":84}},"4":{"start":{"line":96,"column":8},"end":{"line":96,"column":69}},"5":{"start":{"line":105,"column":8},"end":{"line":105,"column":65}},"6":{"start":{"line":106,"column":8},"end":{"line":106,"column":65}},"7":{"start":{"line":107,"column":8},"end":{"line":107,"column":64}},"8":{"start":{"line":109,"column":8},"end":{"line":109,"column":3802}},"9":{"start":{"line":110,"column":12},"end":{"line":110,"column":82}},"10":{"start":{"line":111,"column":12},"end":{"line":111,"column":61}},"11":{"start":{"line":113,"column":12},"end":{"line":113,"column":49}},"12":{"start":{"line":115,"column":12},"end":{"line":115,"column":4075}},"13":{"start":{"line":126,"column":12},"end":{"line":126,"column":66}},"14":{"start":{"line":129,"column":12},"end":{"line":129,"column":4550}},"15":{"start":{"line":145,"column":8},"end":{"line":145,"column":31}},"16":{"start":{"line":153,"column":8},"end":{"line":153,"column":48}},"17":{"start":{"line":162,"column":8},"end":{"line":162,"column":74}},"18":{"start":{"line":163,"column":8},"end":{"line":163,"column":49}},"19":{"start":{"line":165,"column":8},"end":{"line":165,"column":5647}},"20":{"start":{"line":166,"column":12},"end":{"line":166,"column":35}},"21":{"start":{"line":169,"column":8},"end":{"line":169,"column":45}},"22":{"start":{"line":171,"column":8},"end":{"line":171,"column":5808}},"23":{"start":{"line":173,"column":12},"end":{"line":173,"column":20}},"24":{"start":{"line":174,"column":15},"end":{"line":174,"column":5918}},"25":{"start":{"line":176,"column":12},"end":{"line":176,"column":32}},"26":{"start":{"line":181,"column":12},"end":{"line":181,"column":58}},"27":{"start":{"line":182,"column":12},"end":{"line":182,"column":58}},"28":{"start":{"line":183,"column":12},"end":{"line":183,"column":74}},"29":{"start":{"line":192,"column":8},"end":{"line":192,"column":49}},"30":{"start":{"line":193,"column":8},"end":{"line":193,"column":63}},"31":{"start":{"line":194,"column":8},"end":{"line":194,"column":56}},"32":{"start":{"line":202,"column":8},"end":{"line":202,"column":74}},"33":{"start":{"line":203,"column":8},"end":{"line":203,"column":50}},"34":{"start":{"line":205,"column":8},"end":{"line":205,"column":55}},"35":{"start":{"line":206,"column":8},"end":{"line":206,"column":7192}},"36":{"start":{"line":211,"column":8},"end":{"line":211,"column":57}},"37":{"start":{"line":212,"column":8},"end":{"line":212,"column":61}},"38":{"start":{"line":215,"column":8},"end":{"line":215,"column":52}},"39":{"start":{"line":217,"column":8},"end":{"line":217,"column":66}},"40":{"start":{"line":225,"column":8},"end":{"line":225,"column":64}},"41":{"start":{"line":226,"column":8},"end":{"line":226,"column":55}},"42":{"start":{"line":228,"column":8},"end":{"line":228,"column":7963}},"43":{"start":{"line":229,"column":12},"end":{"line":229,"column":39}},"44":{"start":{"line":230,"column":12},"end":{"line":230,"column":54}},"45":{"start":{"line":232,"column":12},"end":{"line":232,"column":35}},"46":{"start":{"line":234,"column":12},"end":{"line":234,"column":61}},"47":{"start":{"line":235,"column":12},"end":{"line":235,"column":8221}},"48":{"start":{"line":237,"column":16},"end":{"line":237,"column":60}},"49":{"start":{"line":238,"column":16},"end":{"line":238,"column":74}},"50":{"start":{"line":249,"column":8},"end":{"line":249,"column":74}},"51":{"start":{"line":250,"column":8},"end":{"line":250,"column":50}},"52":{"start":{"line":252,"column":8},"end":{"line":252,"column":53}},"53":{"start":{"line":253,"column":8},"end":{"line":253,"column":54}},"54":{"start":{"line":256,"column":8},"end":{"line":256,"column":49}},"55":{"start":{"line":257,"column":8},"end":{"line":257,"column":54}},"56":{"start":{"line":259,"column":8},"end":{"line":259,"column":9125}},"57":{"start":{"line":261,"column":12},"end":{"line":261,"column":56}},"58":{"start":{"line":262,"column":12},"end":{"line":262,"column":70}},"59":{"start":{"line":266,"column":8},"end":{"line":266,"column":50}},"60":{"start":{"line":269,"column":8},"end":{"line":269,"column":9462}},"61":{"start":{"line":271,"column":12},"end":{"line":271,"column":49}},"62":{"start":{"line":274,"column":8},"end":{"line":274,"column":66}},"63":{"start":{"line":286,"column":8},"end":{"line":286,"column":74}},"64":{"start":{"line":287,"column":8},"end":{"line":287,"column":69}},"65":{"start":{"line":289,"column":8},"end":{"line":289,"column":50}},"66":{"start":{"line":290,"column":8},"end":{"line":290,"column":10158}},"67":{"start":{"line":294,"column":8},"end":{"line":294,"column":55}},"68":{"start":{"line":296,"column":8},"end":{"line":296,"column":46}},"69":{"start":{"line":300,"column":8},"end":{"line":300,"column":71}},"70":{"start":{"line":301,"column":8},"end":{"line":301,"column":10550}},"71":{"start":{"line":302,"column":12},"end":{"line":302,"column":10612}},"72":{"start":{"line":304,"column":16},"end":{"line":304,"column":27}},"73":{"start":{"line":308,"column":8},"end":{"line":308,"column":60}},"74":{"start":{"line":310,"column":8},"end":{"line":310,"column":75}},"75":{"start":{"line":317,"column":8},"end":{"line":317,"column":29}},"76":{"start":{"line":324,"column":8},"end":{"line":324,"column":45}},"77":{"start":{"line":331,"column":8},"end":{"line":331,"column":63}},"78":{"start":{"line":350,"column":8},"end":{"line":350,"column":74}},"79":{"start":{"line":351,"column":8},"end":{"line":351,"column":49}},"80":{"start":{"line":353,"column":8},"end":{"line":353,"column":12089}}},"branchMap":{"1":{"line":93,"type":"if","locations":[{"start":{"line":93,"column":8},"end":{"line":93,"column":8}},{"start":{"line":93,"column":8},"end":{"line":93,"column":8}}]},"2":{"line":94,"type":"if","locations":[{"start":{"line":94,"column":8},"end":{"line":94,"column":8}},{"start":{"line":94,"column":8},"end":{"line":94,"column":8}}]},"3":{"line":95,"type":"if","locations":[{"start":{"line":95,"column":8},"end":{"line":95,"column":8}},{"start":{"line":95,"column":8},"end":{"line":95,"column":8}}]},"4":{"line":96,"type":"if","locations":[{"start":{"line":96,"column":8},"end":{"line":96,"column":8}},{"start":{"line":96,"column":8},"end":{"line":96,"column":8}}]},"5":{"line":110,"type":"if","locations":[{"start":{"line":110,"column":12},"end":{"line":110,"column":12}},{"start":{"line":110,"column":12},"end":{"line":110,"column":12}}]},"6":{"line":111,"type":"if","locations":[{"start":{"line":111,"column":12},"end":{"line":111,"column":12}},{"start":{"line":111,"column":12},"end":{"line":111,"column":12}}]},"7":{"line":162,"type":"if","locations":[{"start":{"line":162,"column":8},"end":{"line":162,"column":8}},{"start":{"line":162,"column":8},"end":{"line":162,"column":8}}]},"8":{"line":165,"type":"if","locations":[{"start":{"line":165,"column":8},"end":{"line":165,"column":8}},{"start":{"line":165,"column":8},"end":{"line":165,"column":8}}]},"9":{"line":171,"type":"if","locations":[{"start":{"line":171,"column":8},"end":{"line":171,"column":8}},{"start":{"line":171,"column":8},"end":{"line":171,"column":8}}]},"10":{"line":174,"type":"if","locations":[{"start":{"line":174,"column":15},"end":{"line":174,"column":15}},{"start":{"line":174,"column":15},"end":{"line":174,"column":15}}]},"11":{"line":194,"type":"if","locations":[{"start":{"line":194,"column":35},"end":{"line":194,"column":51}},{"start":{"line":194,"column":55},"end":{"line":194,"column":55}}]},"12":{"line":201,"type":"if","locations":[{"start":{"line":201,"column":50},"end":{"line":201,"column":50}},{"start":{"line":201,"column":50},"end":{"line":201,"column":50}}]},"13":{"line":202,"type":"if","locations":[{"start":{"line":202,"column":8},"end":{"line":202,"column":8}},{"start":{"line":202,"column":8},"end":{"line":202,"column":8}}]},"14":{"line":205,"type":"if","locations":[{"start":{"line":205,"column":8},"end":{"line":205,"column":8}},{"start":{"line":205,"column":8},"end":{"line":205,"column":8}}]},"15":{"line":206,"type":"if","locations":[{"start":{"line":206,"column":8},"end":{"line":206,"column":8}},{"start":{"line":206,"column":8},"end":{"line":206,"column":8}}]},"16":{"line":207,"type":"cond-expr","locations":[{"start":{"line":207,"column":12},"end":{"line":207,"column":38}},{"start":{"line":207,"column":43},"end":{"line":207,"column":63}}]},"17":{"line":212,"type":"if","locations":[{"start":{"line":212,"column":8},"end":{"line":212,"column":8}},{"start":{"line":212,"column":8},"end":{"line":212,"column":8}}]},"18":{"line":224,"type":"if","locations":[{"start":{"line":224,"column":54},"end":{"line":224,"column":54}},{"start":{"line":224,"column":54},"end":{"line":224,"column":54}}]},"19":{"line":226,"type":"if","locations":[{"start":{"line":226,"column":8},"end":{"line":226,"column":8}},{"start":{"line":226,"column":8},"end":{"line":226,"column":8}}]},"20":{"line":232,"type":"if","locations":[{"start":{"line":232,"column":12},"end":{"line":232,"column":12}},{"start":{"line":232,"column":12},"end":{"line":232,"column":12}}]},"21":{"line":235,"type":"if","locations":[{"start":{"line":235,"column":12},"end":{"line":235,"column":12}},{"start":{"line":235,"column":12},"end":{"line":235,"column":12}}]},"22":{"line":248,"type":"if","locations":[{"start":{"line":248,"column":49},"end":{"line":248,"column":49}},{"start":{"line":248,"column":49},"end":{"line":248,"column":49}}]},"23":{"line":248,"type":"if","locations":[{"start":{"line":248,"column":59},"end":{"line":248,"column":59}},{"start":{"line":248,"column":59},"end":{"line":248,"column":59}}]},"24":{"line":249,"type":"if","locations":[{"start":{"line":249,"column":8},"end":{"line":249,"column":8}},{"start":{"line":249,"column":8},"end":{"line":249,"column":8}}]},"25":{"line":252,"type":"if","locations":[{"start":{"line":252,"column":8},"end":{"line":252,"column":8}},{"start":{"line":252,"column":8},"end":{"line":252,"column":8}}]},"26":{"line":253,"type":"if","locations":[{"start":{"line":253,"column":8},"end":{"line":253,"column":8}},{"start":{"line":253,"column":8},"end":{"line":253,"column":8}}]},"27":{"line":259,"type":"if","locations":[{"start":{"line":259,"column":8},"end":{"line":259,"column":8}},{"start":{"line":259,"column":8},"end":{"line":259,"column":8}}]},"28":{"line":269,"type":"if","locations":[{"start":{"line":269,"column":8},"end":{"line":269,"column":8}},{"start":{"line":269,"column":8},"end":{"line":269,"column":8}}]},"29":{"line":286,"type":"if","locations":[{"start":{"line":286,"column":8},"end":{"line":286,"column":8}},{"start":{"line":286,"column":8},"end":{"line":286,"column":8}}]},"30":{"line":287,"type":"if","locations":[{"start":{"line":287,"column":8},"end":{"line":287,"column":8}},{"start":{"line":287,"column":8},"end":{"line":287,"column":8}}]},"31":{"line":290,"type":"if","locations":[{"start":{"line":290,"column":8},"end":{"line":290,"column":8}},{"start":{"line":290,"column":8},"end":{"line":290,"column":8}}]},"32":{"line":291,"type":"cond-expr","locations":[{"start":{"line":291,"column":12},"end":{"line":291,"column":38}},{"start":{"line":291,"column":43},"end":{"line":291,"column":63}}]},"33":{"line":294,"type":"if","locations":[{"start":{"line":294,"column":8},"end":{"line":294,"column":8}},{"start":{"line":294,"column":8},"end":{"line":294,"column":8}}]},"34":{"line":302,"type":"if","locations":[{"start":{"line":302,"column":12},"end":{"line":302,"column":12}},{"start":{"line":302,"column":12},"end":{"line":302,"column":12}}]},"35":{"line":350,"type":"if","locations":[{"start":{"line":350,"column":8},"end":{"line":350,"column":8}},{"start":{"line":350,"column":8},"end":{"line":350,"column":8}}]}}}}
