TN:
SF:/Users/bs/Desktop/auxidien-project/contracts/AuxidienOracle.sol
FN:100,constructor
FN:129,setWeights
FN:146,getWeights
FN:159,grantOracleRole
FN:168,revokeOracleRole
FN:176,setMinUpdateInterval
FN:186,setMaxPriceChangeRate
FN:197,setPricePerOzE6
FN:237,setPriceWithMetals
FN:281,getPricePerOzE6
FN:291,getPriceData
FN:306,getMetalPrices
FN:325,isStale
FNF:13
FNH:13
FNDA:3,constructor
FNDA:3,setWeights
FNDA:2,getWeights
FNDA:3,grantOracleRole
FNDA:1,revokeOracleRole
FNDA:1,setMinUpdateInterval
FNDA:3,setMaxPriceChangeRate
FNDA:18,setPricePerOzE6
FNDA:5,setPriceWithMetals
FNDA:5,getPricePerOzE6
FNDA:1,getPriceData
FNDA:1,getMetalPrices
FNDA:3,isStale
DA:101,3
DA:103,2
DA:104,2
DA:106,2
DA:107,2
DA:111,2
DA:117,2
DA:130,3
DA:134,1
DA:140,1
DA:152,2
DA:160,3
DA:161,2
DA:169,1
DA:177,1
DA:178,1
DA:179,1
DA:187,3
DA:188,1
DA:189,1
DA:190,1
DA:198,18
DA:201,17
DA:202,8
DA:209,15
DA:210,6
DA:213,6
DA:214,6
DA:217,13
DA:218,13
DA:220,13
DA:238,5
DA:241,4
DA:242,2
DA:249,3
DA:250,1
DA:253,1
DA:254,1
DA:257,2
DA:258,2
DA:260,2
DA:267,2
DA:268,2
DA:282,5
DA:296,1
DA:312,1
DA:326,3
DA:327,2
LF:48
LH:48
BRDA:101,1,0,2
BRDA:101,1,1,1
BRDA:129,2,0,3
BRDA:129,2,1,1
BRDA:130,3,0,1
BRDA:130,3,1,2
BRDA:159,4,0,3
BRDA:159,4,1,1
BRDA:160,5,0,2
BRDA:160,5,1,1
BRDA:168,6,0,1
BRDA:168,6,1,0
BRDA:176,7,0,1
BRDA:176,7,1,1
BRDA:186,8,0,3
BRDA:186,8,1,0
BRDA:187,9,0,1
BRDA:187,9,1,2
BRDA:197,10,0,18
BRDA:197,10,1,1
BRDA:198,11,0,17
BRDA:198,11,1,1
BRDA:201,12,0,8
BRDA:201,12,1,9
BRDA:202,13,0,6
BRDA:202,13,1,2
BRDA:209,14,0,6
BRDA:209,14,1,9
BRDA:211,15,0,4
BRDA:211,15,1,2
BRDA:214,16,0,4
BRDA:214,16,1,2
BRDA:237,17,0,5
BRDA:237,17,1,1
BRDA:238,18,0,4
BRDA:238,18,1,1
BRDA:241,19,0,2
BRDA:241,19,1,2
BRDA:242,20,0,1
BRDA:242,20,1,1
BRDA:249,21,0,1
BRDA:249,21,1,2
BRDA:251,22,0,1
BRDA:251,22,1,0
BRDA:254,23,0,0
BRDA:254,23,1,1
BRDA:326,24,0,1
BRDA:326,24,1,2
BRF:48
BRH:44
end_of_record
TN:
SF:/Users/bs/Desktop/auxidien-project/contracts/AuxiToken.sol
FN:38,constructor
FN:54,distributeTokens
FN:72,batchDistribute
FNF:3
FNH:3
FNDA:3,constructor
FNDA:3,distributeTokens
FNDA:5,batchDistribute
DA:40,3
DA:41,3
DA:55,3
DA:56,2
DA:58,1
DA:59,1
DA:73,5
DA:79,3
DA:80,7
DA:81,6
DA:83,5
DA:84,5
LF:12
LH:12
BRDA:40,1,0,3
BRDA:40,1,1,0
BRDA:54,2,0,3
BRDA:54,2,1,1
BRDA:55,3,0,2
BRDA:55,3,1,1
BRDA:56,4,0,1
BRDA:56,4,1,1
BRDA:72,5,0,5
BRDA:72,5,1,1
BRDA:73,6,0,3
BRDA:73,6,1,2
BRDA:80,7,0,6
BRDA:80,7,1,1
BRDA:81,8,0,5
BRDA:81,8,1,1
BRF:16
BRH:15
end_of_record
TN:
SF:/Users/bs/Desktop/auxidien-project/contracts/AuxiVesting.sol
FN:92,constructor
FN:144,getSchedulesCount
FN:152,getScheduleIds
FN:161,vestedAmount
FN:191,releasableAmount
FN:201,release
FN:224,releaseAll
FN:248,revoke
FN:282,changeBeneficiary
FN:316,totalRequiredTokens
FN:323,contractBalance
FN:330,isFunded
FN:338,getVestingInfo
FNF:13
FNH:12
FNDA:2,constructor
FNDA:1,getSchedulesCount
FNDA:2,getScheduleIds
FNDA:19,vestedAmount
FNDA:9,releasableAmount
FNDA:4,release
FNDA:2,releaseAll
FNDA:4,revoke
FNDA:4,changeBeneficiary
FNDA:1,totalRequiredTokens
FNDA:0,contractBalance
FNDA:1,isFunded
FNDA:4,getVestingInfo
DA:93,2
DA:94,2
DA:95,1
DA:96,1
DA:98,1
DA:105,1
DA:106,1
DA:107,1
DA:109,1
DA:110,3
DA:111,3
DA:113,3
DA:115,3
DA:126,3
DA:127,3
DA:129,3
DA:145,1
DA:153,2
DA:162,19
DA:163,19
DA:165,19
DA:166,2
DA:169,17
DA:171,17
DA:173,9
DA:176,5
DA:181,3
DA:182,3
DA:183,3
DA:192,9
DA:193,9
DA:194,9
DA:202,4
DA:203,4
DA:205,4
DA:206,4
DA:211,3
DA:212,3
DA:214,2
DA:215,2
DA:217,2
DA:225,2
DA:226,2
DA:228,2
DA:229,2
DA:230,2
DA:232,2
DA:234,2
DA:235,2
DA:236,1
DA:237,1
DA:238,1
DA:249,4
DA:250,4
DA:252,4
DA:253,3
DA:256,2
DA:257,2
DA:259,2
DA:260,2
DA:261,2
DA:262,2
DA:266,2
DA:267,2
DA:269,2
DA:270,2
DA:271,2
DA:274,2
DA:286,4
DA:287,4
DA:289,3
DA:290,3
DA:294,2
DA:296,2
DA:297,2
DA:300,2
DA:301,2
DA:302,2
DA:303,2
DA:304,2
DA:305,2
DA:308,2
DA:310,2
DA:317,1
DA:324,0
DA:331,1
DA:350,4
DA:351,4
DA:353,4
LF:89
LH:88
BRDA:93,1,0,2
BRDA:93,1,1,0
BRDA:94,2,0,1
BRDA:94,2,1,1
BRDA:95,3,0,1
BRDA:95,3,1,0
BRDA:96,4,0,1
BRDA:96,4,1,0
BRDA:110,5,0,3
BRDA:110,5,1,0
BRDA:111,6,0,3
BRDA:111,6,1,0
BRDA:162,7,0,19
BRDA:162,7,1,0
BRDA:165,8,0,2
BRDA:165,8,1,17
BRDA:171,9,0,9
BRDA:171,9,1,8
BRDA:174,10,0,5
BRDA:174,10,1,3
BRDA:194,11,0,3
BRDA:194,11,1,6
BRDA:201,12,0,4
BRDA:201,12,1,0
BRDA:202,13,0,4
BRDA:202,13,1,0
BRDA:205,14,0,4
BRDA:205,14,1,0
BRDA:206,15,0,3
BRDA:206,15,1,1
BRDA:207,16,0,2
BRDA:207,16,1,1
BRDA:212,17,0,2
BRDA:212,17,1,1
BRDA:224,18,0,2
BRDA:224,18,1,0
BRDA:226,19,0,2
BRDA:226,19,1,0
BRDA:232,20,0,0
BRDA:232,20,1,2
BRDA:235,21,0,1
BRDA:235,21,1,1
BRDA:248,22,0,4
BRDA:248,22,1,1
BRDA:248,23,0,4
BRDA:248,23,1,0
BRDA:249,24,0,4
BRDA:249,24,1,0
BRDA:252,25,0,3
BRDA:252,25,1,1
BRDA:253,26,0,2
BRDA:253,26,1,1
BRDA:259,27,0,2
BRDA:259,27,1,0
BRDA:269,28,0,2
BRDA:269,28,1,0
BRDA:286,29,0,4
BRDA:286,29,1,0
BRDA:287,30,0,3
BRDA:287,30,1,1
BRDA:290,31,0,2
BRDA:290,31,1,1
BRDA:291,32,0,1
BRDA:291,32,1,1
BRDA:294,33,0,2
BRDA:294,33,1,0
BRDA:302,34,0,2
BRDA:302,34,1,0
BRDA:350,35,0,4
BRDA:350,35,1,0
BRF:70
BRH:50
end_of_record
